<?xml version="1.0" encoding="UTF-8"?>
<testsuite name="Utest Platform" tests="1" skipped="0" failures="0" errors="0" timestamp="2021-07-29T20:03:34" hostname="CHMEP350KZ93" time="57.119">
  <properties/>
  <testcase name="Fill out register form" classname="Utest Platform" time="57.119"/>
  <system-out><![CDATA[]]></system-out>
  <system-err><![CDATA[jul 29, 2021 3:03:34 PM org.openqa.selenium.remote.DesiredCapabilities chrome
INFORMACIÓN: Using `new ChromeOptions()` is preferred to `DesiredCapabilities.chrome()`
Starting ChromeDriver 91.0.4472.101 (af52a90bf87030dd1523486a1cd3ae25c5d76c9b-refs/branch-heads/4472@{#1462}) on port 38794
Only local connections are allowed.
Please see https://chromedriver.chromium.org/security-considerations for suggestions on keeping ChromeDriver safe.
ChromeDriver was started successfully.
[1627589019.284][WARNING]: This version of ChromeDriver has not been tested with Chrome version 92.
jul 29, 2021 3:03:39 PM org.openqa.selenium.remote.ProtocolHandshake createSession
INFORMACIÓN: Detected dialect: W3C
[Test worker] INFO net.serenitybdd.core.Serenity - 
        __    _____ _____ ____ _____   ____   _    ____  ____  _____ ____  
  _     \ \  |_   _| ____/ ___|_   _| |  _ \ / \  / ___|/ ___|| ____|  _ \ 
 (_)_____| |   | | |  _| \___ \ | |   | |_) / _ \ \___ \\___ \|  _| | | | |
  _|_____| |   | | | |___ ___) || |   |  __/ ___ \ ___) |___) | |___| |_| |
 (_)     | |   |_| |_____|____/ |_|   |_| /_/   \_\____/|____/|_____|____/ 
        /_/                                                                

TEST PASSED: Fill out register form
----------------------------------------------------------------------------
]]></system-err>
</testsuite>
